<?xml version="1.0" encoding="UTF-8"?>
<!-- Generated by org.testng.reporters.JUnitReportReporter -->
<testsuite hostname="Jas" failures="0" tests="4" name="Login_TestCases.Login" time="4.463" errors="0" timestamp="2024-01-12T14:52:35 IST" skipped="0">
  <testcase classname="Login_TestCases.Login" name="loginwithCorrectCredentials" time="2.637"/>
  <system-out/>
  <testcase classname="Login_TestCases.Login" name="loginwithCorrectCredentials" time="0.713"/>
  <system-out/>
  <testcase classname="Login_TestCases.Login" name="loginwithCorrectCredentials" time="0.783"/>
  <system-out/>
  <testcase classname="Login_TestCases.Login" name="loginwithCorrectCredentials" time="0.330"/>
  <system-out/>
</testsuite> <!-- Login_TestCases.Login -->
