<?xml version="1.0" encoding="UTF-8"?>
<!-- Generated by org.testng.reporters.JUnitReportReporter -->
<testsuite hostname="Jas" failures="0" tests="1" name="Login_TestCases.BothIncorrect" time="5.041" errors="0" timestamp="2024-01-11T23:54:00 IST" skipped="0">
  <testcase classname="Login_TestCases.BothIncorrect" name="loginwithCorrectCredentials" time="5.041"/>
  <system-out/>
</testsuite> <!-- Login_TestCases.BothIncorrect -->
