<?xml version="1.0" encoding="UTF-8"?>
<!-- Generated by org.testng.reporters.JUnitReportReporter -->
<testsuite hostname="Jas" failures="0" tests="1" name="Login_TestCases.CorrectUsername" time="3.802" errors="0" timestamp="2024-01-11T23:54:00 IST" skipped="0">
  <testcase classname="Login_TestCases.CorrectUsername" name="loginwithCorrectCredentials" time="3.802"/>
  <system-out/>
</testsuite> <!-- Login_TestCases.CorrectUsername -->
